<?xml version="1.0" encoding="UTF-8"?>
<robot generator="Robot 6.1.1 (Python 3.11.3 on darwin)" generated="20231223 17:51:11.068" rpa="false" schemaversion="4">
<suite id="s1" name="Test-Suite" source="/Users/daffafais/Desktop/basic-automation-main/test-web/test-suite.robot">
<test id="s1-t1" name="testcase-login-1" line="33">
<kw name="Open Browser" library="SeleniumLibrary">
<arg>http://localhost/barber-admin/login.php</arg>
<arg>chrome</arg>
<doc>Opens a new browser instance to the optional ``url``.</doc>
<msg timestamp="20231223 17:51:11.164" level="INFO">Opening browser 'chrome' to base url 'http://localhost/barber-admin/login.php'.</msg>
<status status="PASS" starttime="20231223 17:51:11.163" endtime="20231223 17:51:17.863"/>
</kw>
<kw name="Input Text" library="SeleniumLibrary">
<arg>name:username</arg>
<arg>admin</arg>
<doc>Types the given ``text`` into the text field identified by ``locator``.</doc>
<msg timestamp="20231223 17:51:17.865" level="INFO">Typing text 'admin' into text field 'name:username'.</msg>
<status status="PASS" starttime="20231223 17:51:17.864" endtime="20231223 17:51:18.021"/>
</kw>
<kw name="Input Text" library="SeleniumLibrary">
<arg>name:password</arg>
<arg>123456789</arg>
<doc>Types the given ``text`` into the text field identified by ``locator``.</doc>
<msg timestamp="20231223 17:51:18.021" level="INFO">Typing text '123456789' into text field 'name:password'.</msg>
<status status="PASS" starttime="20231223 17:51:18.021" endtime="20231223 17:51:18.066"/>
</kw>
<kw name="Click Element" library="SeleniumLibrary">
<arg>xpath://button[@type='submit']</arg>
<doc>Click the element identified by ``locator``.</doc>
<msg timestamp="20231223 17:51:18.066" level="INFO">Clicking element 'xpath://button[@type='submit']'.</msg>
<status status="PASS" starttime="20231223 17:51:18.066" endtime="20231223 17:51:18.187"/>
</kw>
<kw name="Close Browser" library="SeleniumLibrary">
<doc>Closes the current browser.</doc>
<status status="PASS" starttime="20231223 17:51:18.187" endtime="20231223 17:51:18.262"/>
</kw>
<status status="PASS" starttime="20231223 17:51:11.163" endtime="20231223 17:51:18.262"/>
</test>
<test id="s1-t2" name="testcase-login-2" line="41">
<kw name="Open Browser" library="SeleniumLibrary">
<arg>http://localhost/barber-admin/login.php</arg>
<arg>chrome</arg>
<doc>Opens a new browser instance to the optional ``url``.</doc>
<msg timestamp="20231223 17:51:18.263" level="INFO">Opening browser 'chrome' to base url 'http://localhost/barber-admin/login.php'.</msg>
<status status="PASS" starttime="20231223 17:51:18.262" endtime="20231223 17:51:24.587"/>
</kw>
<kw name="Input Text" library="SeleniumLibrary">
<arg>name:username</arg>
<arg>admin</arg>
<doc>Types the given ``text`` into the text field identified by ``locator``.</doc>
<msg timestamp="20231223 17:51:24.589" level="INFO">Typing text 'admin' into text field 'name:username'.</msg>
<status status="PASS" starttime="20231223 17:51:24.588" endtime="20231223 17:51:24.769"/>
</kw>
<kw name="Input Text" library="SeleniumLibrary">
<arg>name:password</arg>
<arg>7uyhgt7ygu7</arg>
<doc>Types the given ``text`` into the text field identified by ``locator``.</doc>
<msg timestamp="20231223 17:51:24.770" level="INFO">Typing text '7uyhgt7ygu7' into text field 'name:password'.</msg>
<status status="PASS" starttime="20231223 17:51:24.770" endtime="20231223 17:51:24.810"/>
</kw>
<kw name="Click Element" library="SeleniumLibrary">
<arg>xpath://button[@type='submit']</arg>
<doc>Click the element identified by ``locator``.</doc>
<msg timestamp="20231223 17:51:24.810" level="INFO">Clicking element 'xpath://button[@type='submit']'.</msg>
<status status="PASS" starttime="20231223 17:51:24.810" endtime="20231223 17:51:24.904"/>
</kw>
<kw name="Close Browser" library="SeleniumLibrary">
<doc>Closes the current browser.</doc>
<status status="PASS" starttime="20231223 17:51:24.905" endtime="20231223 17:51:24.974"/>
</kw>
<status status="PASS" starttime="20231223 17:51:18.262" endtime="20231223 17:51:24.975"/>
</test>
<status status="PASS" starttime="20231223 17:51:11.069" endtime="20231223 17:51:24.975"/>
</suite>
<statistics>
<total>
<stat pass="2" fail="0" skip="0">All Tests</stat>
</total>
<tag>
</tag>
<suite>
<stat pass="2" fail="0" skip="0" id="s1" name="Test-Suite">Test-Suite</stat>
</suite>
</statistics>
<errors>
</errors>
</robot>
